{"context":{"email":"tes***@exa***","password":"***","phoneNumber":"+123***"},"level":"info","message":"Logger test started","module":"test","timestamp":"2025-07-30T06:20:24.359+06:00","traceId":"test-123"}
{"action":"getUser","context":{"requesterId":"requester456","requesterRole":"ADMIN","userId":"user123"},"level":"info","message":"User retrieved successfully","module":"user","timestamp":"2025-07-30T06:20:24.365+06:00","traceId":"test-456"}
{"action":"getUser","context":{"cacheKey":"user:profile:v1:user123","userId":"user123"},"level":"info","message":"Cache hit for user profile","module":"user","timestamp":"2025-07-30T06:20:24.366+06:00","traceId":"test-789"}
{"context":{"email":"tes***@exa***","password":"***","phoneNumber":"+123***"},"level":"info","message":"Logger test started","module":"test","timestamp":"2025-07-30T06:21:39.601+06:00","traceId":"test-123"}
{"action":"getUser","context":{"requesterId":"requester456","requesterRole":"ADMIN","userId":"user123"},"level":"info","message":"User retrieved successfully","module":"user","timestamp":"2025-07-30T06:21:39.604+06:00","traceId":"test-456"}
{"action":"getUser","context":{"cacheKey":"user:profile:v1:user123","userId":"user123"},"level":"info","message":"Cache hit for user profile","module":"user","timestamp":"2025-07-30T06:21:39.605+06:00","traceId":"test-789"}
{"context":{"email":"tes***@exa***","password":"***"},"level":"info","message":"Refactored logger test started","module":"test","timestamp":"2025-07-30T06:34:57.735+06:00","traceId":"refactor-test-123"}
{"action":"getUser","context":{"requesterId":"requester456","requesterRole":"ADMIN","userId":"user123"},"level":"info","message":"User retrieved successfully","module":"user","timestamp":"2025-07-30T06:34:57.743+06:00","traceId":"refactor-456"}
{"action":"getUser","context":{"cacheKey":"user:profile:v1:user123","userId":"user123"},"level":"info","message":"Cache hit for user profile","module":"user","timestamp":"2025-07-30T06:34:57.744+06:00","traceId":"refactor-789"}
{"action":"applicationStart","context":{"port":3000},"level":"info","message":"Application started on port 3000","module":"system","timestamp":"2025-07-30T06:34:57.744+06:00","traceId":"system"}
{"action":"redisConnection","level":"info","message":"Connected to Redis","module":"system","timestamp":"2025-07-30T06:34:57.745+06:00","traceId":"system"}
{"action":"middlewareRegistration","context":{"description":"Request tracing enabled","middleware":"correlation"},"level":"info","message":"Middleware registered: correlation","module":"system","timestamp":"2025-07-30T07:06:14.108+06:00","traceId":"system"}
{"action":"middlewareRegistration","context":{"description":"HTTP request/response logging enabled","middleware":"httpLogger"},"level":"info","message":"Middleware registered: httpLogger","module":"system","timestamp":"2025-07-30T07:06:14.113+06:00","traceId":"system"}
{"action":"middlewareRegistration","context":{"description":"Centralized error handling enabled","middleware":"errorHandler"},"level":"info","message":"Middleware registered: errorHandler","module":"system","timestamp":"2025-07-30T07:06:14.114+06:00","traceId":"system"}
{"action":"requestStart","context":{"method":"GET","url":"/test"},"level":"debug","message":"GET /test","module":"system","timestamp":"2025-07-30T07:06:26.511+06:00","traceId":"1d16ea4c-1f34-45f4-b96c-0442dadf563b"}
{"action":"request","context":{"contentLength":"129","ipAddress":"::1","method":"GET","responseTime":"7.208ms","status":200,"url":"/test","userAgent":"Mozilla/5.0 (Windows NT; Windows NT 10.0; en-US) WindowsPowerShell/5.1.26100.4652","userId":"anonymous"},"level":"http","message":"HTTP request processed","module":"http","timestamp":"2025-07-30T07:06:26.524+06:00","traceId":"1d16ea4c-1f34-45f4-b96c-0442dadf563b"}
{"action":"requestStart","context":{"method":"GET","url":"/users/507f1f77bcf86cd799439011"},"level":"debug","message":"GET /users/507f1f77bcf86cd799439011","module":"system","timestamp":"2025-07-30T14:40:08.295+06:00","traceId":"1999fc7f-a894-4fe0-b848-8e139e7b96ac"}
{"action":"validateParams","level":"debug","message":"Params validation successful","module":"validation","paramKeys":["id"],"timestamp":"2025-07-30T14:40:08.300+06:00","traceId":"1999fc7f-a894-4fe0-b848-8e139e7b96ac"}
{"action":"request","context":{"contentLength":"250","ipAddress":"::1","method":"GET","responseTime":"3.873ms","status":200,"url":"/users/507f1f77bcf86cd799439011","userAgent":"Mozilla/5.0 (Windows NT; Windows NT 10.0; en-US) WindowsPowerShell/5.1.26100.4652","userId":"anonymous"},"level":"http","message":"HTTP request processed","module":"http","timestamp":"2025-07-30T14:40:08.305+06:00","traceId":"1999fc7f-a894-4fe0-b848-8e139e7b96ac"}
{"action":"requestStart","context":{"method":"GET","url":"/users/invalid-id"},"level":"debug","message":"GET /users/invalid-id","module":"system","timestamp":"2025-07-30T14:40:16.466+06:00","traceId":"b7ea81a8-10ce-424d-afce-0828a56b23d0"}
{"action":"validationFailed","errors":[{"code":"invalid_format","field":"id","message":"Invalid ObjectId format"}],"level":"warn","message":"Validation failed","module":"validation","receivedParams":{"id":"invalid-id"},"timestamp":"2025-07-30T14:40:16.468+06:00","traceId":"b7ea81a8-10ce-424d-afce-0828a56b23d0"}
{"action":"request","context":{"contentLength":"279","ipAddress":"::1","method":"GET","responseTime":"1.870ms","status":400,"url":"/users/invalid-id","userAgent":"Mozilla/5.0 (Windows NT; Windows NT 10.0; en-US) WindowsPowerShell/5.1.26100.4652","userId":"anonymous"},"level":"http","message":"HTTP request processed","module":"http","timestamp":"2025-07-30T14:40:16.470+06:00","traceId":"b7ea81a8-10ce-424d-afce-0828a56b23d0"}
{"action":"requestStart","context":{"method":"GET","url":"/users?page=1&limit=10&role=admin"},"level":"debug","message":"GET /users?page=1&limit=10&role=admin","module":"system","timestamp":"2025-07-30T14:40:23.632+06:00","traceId":"d19efdf1-7cf7-43e3-aad9-996071e56365"}
{"action":"validateQuery","level":"debug","message":"Query validation successful","module":"validation","queryKeys":["page","limit","order","role"],"timestamp":"2025-07-30T14:40:23.634+06:00","traceId":"d19efdf1-7cf7-43e3-aad9-996071e56365"}
{"action":"request","context":{"contentLength":"280","ipAddress":"::1","method":"GET","responseTime":"2.266ms","status":200,"url":"/users?page=1&limit=10&role=admin","userAgent":"Mozilla/5.0 (Windows NT; Windows NT 10.0; en-US) WindowsPowerShell/5.1.26100.4652","userId":"anonymous"},"level":"http","message":"HTTP request processed","module":"http","timestamp":"2025-07-30T14:40:23.636+06:00","traceId":"d19efdf1-7cf7-43e3-aad9-996071e56365"}
{"action":"requestStart","context":{"method":"POST","url":"/users"},"level":"debug","message":"POST /users","module":"system","timestamp":"2025-07-30T14:40:31.473+06:00","traceId":"637446c2-2d59-4b6d-8a29-027b54736f7a"}
{"action":"validationFailed","errors":[{"code":"invalid_format","field":"email","message":"Invalid email format"},{"code":"too_small","field":"password","message":"Password must be at least 8 characters"},{"code":"invalid_format","field":"password","message":"Password must contain at least one uppercase letter"},{"code":"invalid_format","field":"password","message":"Password must contain at least one number"},{"code":"invalid_format","field":"password","message":"Password must contain at least one special character"},{"code":"invalid_type","field":"firstName","message":"Invalid input: expected string, received undefined"},{"code":"invalid_type","field":"lastName","message":"Invalid input: expected string, received undefined"}],"level":"warn","message":"Validation failed","module":"validation","receivedBody":{"email":"invalid-email","password":"weak"},"timestamp":"2025-07-30T14:40:31.476+06:00","traceId":"637446c2-2d59-4b6d-8a29-027b54736f7a"}
{"action":"request","context":{"contentLength":"901","ipAddress":"::1","method":"POST","responseTime":"2.509ms","status":400,"url":"/users","userAgent":"Mozilla/5.0 (Windows NT; Windows NT 10.0; en-US) WindowsPowerShell/5.1.26100.4652","userId":"anonymous"},"level":"http","message":"HTTP request processed","module":"http","timestamp":"2025-07-30T14:40:31.477+06:00","traceId":"637446c2-2d59-4b6d-8a29-027b54736f7a"}
{"action":"requestStart","context":{"method":"POST","url":"/users"},"level":"debug","message":"POST /users","module":"system","timestamp":"2025-07-30T14:40:41.110+06:00","traceId":"d4cdf4a0-0d97-407e-bdb8-7fdb03b27cce"}
{"action":"validateBody","bodyKeys":["email","password","firstName","lastName","role","isActive"],"level":"debug","message":"Body validation successful","module":"validation","timestamp":"2025-07-30T14:40:41.111+06:00","traceId":"d4cdf4a0-0d97-407e-bdb8-7fdb03b27cce"}
{"action":"request","context":{"contentLength":"357","ipAddress":"::1","method":"POST","responseTime":"1.286ms","status":201,"url":"/users","userAgent":"Mozilla/5.0 (Windows NT; Windows NT 10.0; en-US) WindowsPowerShell/5.1.26100.4652","userId":"anonymous"},"level":"http","message":"HTTP request processed","module":"http","timestamp":"2025-07-30T14:40:41.113+06:00","traceId":"d4cdf4a0-0d97-407e-bdb8-7fdb03b27cce"}
